<?xml version="1.0" encoding="UTF-8"?>
<!-- Generated by org.testng.reporters.JUnitXMLReporter -->
<testsuite ignored="0" hostname="DESKTOP-L3A7DE7" failures="1" tests="13" name="Test" time="128.178" errors="0" timestamp="2025-09-06T17:41:08 IST">
  <testcase classname="tutorialsninja.register.TC_RF_007" name="validateDifferentWaysOfNavigatingToRegisterPage" time="6.694"/>
  <testcase classname="tutorialsninja.register.TC_RF_006" name="registerAccountWithAllFieldsAndYesOptionSelectionAndNewsletterSubscriptionNovalidation" time="6.193"/>
  <testcase classname="tutorialsninja.register.TC_RF_016" name="verifySpaceIsNotAllowedInRegisterAccountPafeFields" time="4.791"/>
  <testcase classname="tutorialsninja.register.TC_RF_005" name="registerAccountWithAllFieldsAndYesOptionSelectionAndNewsletterSubscriptionYesValidation" time="6.038"/>
  <testcase classname="tutorialsninja.register.TC_RF_004" name="validationOfAllMandatoryfieldsWarningMessages" time="3.501"/>
  <testcase classname="tutorialsninja.register.TC_RF_014" name="verifyAshtricMandatoryOnRegisterAccountFields" time="2.719"/>
  <testcase classname="tutorialsninja.register.TC_RF_003" name="verifyRegisteringAccountWithMandatoryFieldsAndSoftAssert" time="3.946">
    <failure type="org.openqa.selenium.NoSuchElementException" message="no such element: Unable to locate element: {&amp;quot;method&amp;quot;:&amp;quot;link text&amp;quot;,&amp;quot;selector&amp;quot;:&amp;quot;Logout&amp;quot;}
  (Session info: chrome=139.0.7258.155)
For documentation on this error, please visit: https://www.selenium.dev/documentation/webdriver/troubleshooting/errors#no-such-element-exception
Build info: version: &amp;apos;4.35.0&amp;apos;, revision: &amp;apos;1c58e5028b&amp;apos;
System info: os.name: &amp;apos;Windows 11&amp;apos;, os.arch: &amp;apos;amd64&amp;apos;, os.version: &amp;apos;10.0&amp;apos;, java.version: &amp;apos;21.0.7&amp;apos;
Driver info: org.openqa.selenium.chrome.ChromeDriver
Command: [e1cc3acf6f9ce78286b7744fbc094b21, findElement {using=link text, value=Logout}]
Capabilities {acceptInsecureCerts: false, browserName: chrome, browserVersion: 139.0.7258.155, chrome: {chromedriverVersion: 139.0.7258.154 (9e0d6b2b47f..., userDataDir: C:\Users\nadda\AppData\Loca...}, fedcm:accounts: true, goog:chromeOptions: {debuggerAddress: localhost:52481}, networkConnectionEnabled: false, pageLoadStrategy: normal, platformName: windows, proxy: Proxy(), se:cdp: ws://localhost:52481/devtoo..., se:cdpVersion: 139.0.7258.155, setWindowRect: true, strictFileInteractability: false, timeouts: {implicit: 0, pageLoad: 300000, script: 30000}, unhandledPromptBehavior: dismiss and notify, webauthn:extension:credBlob: true, webauthn:extension:largeBlob: true, webauthn:extension:minPinLength: true, webauthn:extension:prf: true, webauthn:virtualAuthenticators: true}
Session ID: e1cc3acf6f9ce78286b7744fbc094b21">
      <![CDATA[org.openqa.selenium.NoSuchElementException: no such element: Unable to locate element: {"method":"link text","selector":"Logout"}
  (Session info: chrome=139.0.7258.155)
For documentation on this error, please visit: https://www.selenium.dev/documentation/webdriver/troubleshooting/errors#no-such-element-exception
Build info: version: '4.35.0', revision: '1c58e5028b'
System info: os.name: 'Windows 11', os.arch: 'amd64', os.version: '10.0', java.version: '21.0.7'
Driver info: org.openqa.selenium.chrome.ChromeDriver
Command: [e1cc3acf6f9ce78286b7744fbc094b21, findElement {using=link text, value=Logout}]
Capabilities {acceptInsecureCerts: false, browserName: chrome, browserVersion: 139.0.7258.155, chrome: {chromedriverVersion: 139.0.7258.154 (9e0d6b2b47f..., userDataDir: C:\Users\nadda\AppData\Loca...}, fedcm:accounts: true, goog:chromeOptions: {debuggerAddress: localhost:52481}, networkConnectionEnabled: false, pageLoadStrategy: normal, platformName: windows, proxy: Proxy(), se:cdp: ws://localhost:52481/devtoo..., se:cdpVersion: 139.0.7258.155, setWindowRect: true, strictFileInteractability: false, timeouts: {implicit: 0, pageLoad: 300000, script: 30000}, unhandledPromptBehavior: dismiss and notify, webauthn:extension:credBlob: true, webauthn:extension:largeBlob: true, webauthn:extension:minPinLength: true, webauthn:extension:prf: true, webauthn:virtualAuthenticators: true}
Session ID: e1cc3acf6f9ce78286b7744fbc094b21
at org.openqa.selenium.remote.ErrorCodec.decode(ErrorCodec.java:167)
at org.openqa.selenium.remote.codec.w3c.W3CHttpResponseCodec.decode(W3CHttpResponseCodec.java:138)
at org.openqa.selenium.remote.codec.w3c.W3CHttpResponseCodec.decode(W3CHttpResponseCodec.java:50)
at org.openqa.selenium.remote.HttpCommandExecutor.execute(HttpCommandExecutor.java:215)
at org.openqa.selenium.remote.service.DriverCommandExecutor.invokeExecute(DriverCommandExecutor.java:216)
at org.openqa.selenium.remote.service.DriverCommandExecutor.execute(DriverCommandExecutor.java:174)
at org.openqa.selenium.remote.RemoteWebDriver.execute(RemoteWebDriver.java:557)
at org.openqa.selenium.remote.ElementLocation$ElementFinder$2.findElement(ElementLocation.java:165)
at org.openqa.selenium.remote.ElementLocation.findElement(ElementLocation.java:59)
at org.openqa.selenium.remote.RemoteWebDriver.findElement(RemoteWebDriver.java:380)
at org.openqa.selenium.remote.RemoteWebDriver.findElement(RemoteWebDriver.java:374)
at tutorialsninja.register.TC_RF_003.verifyRegisteringAccountWithMandatoryFieldsAndSoftAssert(TC_RF_003.java:36)
at java.base/java.util.ArrayList.forEach(ArrayList.java:1596)
... Removed 28 stack frames]]>
    </failure>
  </testcase> <!-- verifyRegisteringAccountWithMandatoryFieldsAndSoftAssert -->
  <testcase classname="tutorialsninja.register.TC_RF_004_1" name="validationOfAllMandatoryfieldsWarningMessagesWithAgreedStatement" time="3.283"/>
  <testcase classname="tutorialsninja.register.TC_RF_013" name="verifyPlaceholderValuesOnRegisterAccountPage" time="3.135"/>
  <testcase classname="tutorialsninja.register.TC_RF_002" name="amazonInGetPasscodefromGmail" time="55.354"/>
  <testcase classname="tutorialsninja.register.TC_RF_001" name="verifyRegisteringAccountWithMandatoryFields" time="4.325"/>
  <testcase classname="tutorialsninja.register.TC_RF_012" name="registerAccountUsingKeyboardKeys" time="5.146"/>
  <testcase classname="tutorialsninja.register.TC_RF_010" name="validateRegisterAccountByProvidingInvalidEmail" time="22.587"/>
</testsuite> <!-- Test -->
