<html>
<head>
<title>TestNG:  Test</title>
<link href="../testng.css" rel="stylesheet" type="text/css" />
<link href="../my-testng.css" rel="stylesheet" type="text/css" />

<style type="text/css">
.log { display: none;} 
.stack-trace { display: none;} 
</style>
<script type="text/javascript">
<!--
function flip(e) {
  current = e.style.display;
  if (current == 'block') {
    e.style.display = 'none';
    return 0;
  }
  else {
    e.style.display = 'block';
    return 1;
  }
}

function toggleBox(szDivId, elem, msg1, msg2)
{
  var res = -1;  if (document.getElementById) {
    res = flip(document.getElementById(szDivId));
  }
  else if (document.all) {
    // this is the way old msie versions work
    res = flip(document.all[szDivId]);
  }
  if(elem) {
    if(res == 0) elem.innerHTML = msg1; else elem.innerHTML = msg2;
  }

}

function toggleAllBoxes() {
  if (document.getElementsByTagName) {
    d = document.getElementsByTagName('div');
    for (i = 0; i < d.length; i++) {
      if (d[i].className == 'log') {
        flip(d[i]);
      }
    }
  }
}

// -->
</script>

</head>
<body>
<h2 align='center'>Test</h2><table border='1' align="center">
<tr>
<td>Tests passed/Failed/Skipped:</td><td>13/5/0</td>
</tr><tr>
<td>Started on:</td><td>Sun Aug 31 09:23:25 IST 2025</td>
</tr>
<tr><td>Total time:</td><td>161 seconds (161129 ms)</td>
</tr><tr>
<td>Included groups:</td><td></td>
</tr><tr>
<td>Excluded groups:</td><td></td>
</tr>
</table><p/>
<small><i>(Hover the method name to see the test class name)</i></small><p/>
<table width='100%' border='1' class='invocation-failed'>
<tr><td colspan='4' align='center'><b>FAILED TESTS</b></td></tr>
<tr><td><b>Test method</b></td>
<td><b>Attribute(s)</b></td>
<td width="30%"><b>Exception</b></td>
<td width="10%"><b>Time (seconds)</b></td>
<td><b>Instance</b></td>
</tr>
<tr>
<td title='tutorialsninja.register.TC_RF_016.verifyComplexityOfPassword()'><b>verifyComplexityOfPassword</b><br>Test class: tutorialsninja.register.TC_RF_016<br>Parameters: abcd</td>
<td><div><pre>java.lang.AssertionError: The following asserts failed:
	Not Matched the string expected [Password is not as per the requirements, it should be 8 characterlong and combination of digits, spacial character and alphabets] but found [Your Account Has Been Created!]
	at tutorialsninja.register.TC_RF_016.verifyComplexityOfPassword(TC_RF_016.java:41)
	at java.base/java.util.ArrayList.forEach(ArrayList.java:1596)
... Removed 27 stack frames</pre></div><a href='#' onClick='toggleBox("stack-trace2142129482", this, "Click to show all stack frames", "Click to hide stack frames")'>Click to show all stack frames</a>
<div class='stack-trace' id='stack-trace2142129482'><pre>java.lang.AssertionError: The following asserts failed:
	Not Matched the string expected [Password is not as per the requirements, it should be 8 characterlong and combination of digits, spacial character and alphabets] but found [Your Account Has Been Created!]
	at org.testng.asserts.SoftAssert.assertAll(SoftAssert.java:46)
	at org.testng.asserts.SoftAssert.assertAll(SoftAssert.java:30)
	at tutorialsninja.register.TC_RF_016.verifyComplexityOfPassword(TC_RF_016.java:41)
	at java.base/jdk.internal.reflect.DirectMethodHandleAccessor.invoke(DirectMethodHandleAccessor.java:103)
	at java.base/java.lang.reflect.Method.invoke(Method.java:580)
	at org.testng.internal.invokers.MethodInvocationHelper.invokeMethod(MethodInvocationHelper.java:141)
	at org.testng.internal.invokers.TestInvoker.invokeMethod(TestInvoker.java:687)
	at org.testng.internal.invokers.TestInvoker.invokeTestMethod(TestInvoker.java:230)
	at org.testng.internal.invokers.MethodRunner.runInSequence(MethodRunner.java:63)
	at org.testng.internal.invokers.TestInvoker$MethodInvocationAgent.invoke(TestInvoker.java:995)
	at org.testng.internal.invokers.TestInvoker.invokeTestMethods(TestInvoker.java:203)
	at org.testng.internal.invokers.TestMethodWorker.invokeTestMethods(TestMethodWorker.java:154)
	at org.testng.internal.invokers.TestMethodWorker.run(TestMethodWorker.java:134)
	at java.base/java.util.ArrayList.forEach(ArrayList.java:1596)
	at org.testng.TestRunner.privateRun(TestRunner.java:741)
	at org.testng.TestRunner.run(TestRunner.java:616)
	at org.testng.SuiteRunner.runTest(SuiteRunner.java:421)
	at org.testng.SuiteRunner.runSequentially(SuiteRunner.java:413)
	at org.testng.SuiteRunner.privateRun(SuiteRunner.java:373)
	at org.testng.SuiteRunner.run(SuiteRunner.java:312)
	at org.testng.SuiteRunnerWorker.runSuite(SuiteRunnerWorker.java:52)
	at org.testng.SuiteRunnerWorker.run(SuiteRunnerWorker.java:95)
	at org.testng.TestNG.runSuitesSequentially(TestNG.java:1274)
	at org.testng.TestNG.runSuitesLocally(TestNG.java:1208)
	at org.testng.TestNG.runSuites(TestNG.java:1112)
	at org.testng.TestNG.run(TestNG.java:1079)
	at org.testng.remote.AbstractRemoteTestNG.run(AbstractRemoteTestNG.java:115)
	at org.testng.remote.RemoteTestNG.initAndRun(RemoteTestNG.java:293)
	at org.testng.remote.RemoteTestNG.main(RemoteTestNG.java:91)
</pre></div></td>
<td>3</td>
<td>tutorialsninja.register.TC_RF_016@6150c3ec</td></tr>
<tr>
<td title='tutorialsninja.register.TC_RF_016.verifyComplexityOfPassword()'><b>verifyComplexityOfPassword</b><br>Test class: tutorialsninja.register.TC_RF_016<br>Parameters: Ab123Â£%</td>
<td><div><pre>java.lang.AssertionError: The following asserts failed:
	Not Matched the string expected [Password is not as per the requirements, it should be 8 characterlong and combination of digits, spacial character and alphabets] but found [Your Account Has Been Created!]
	at tutorialsninja.register.TC_RF_016.verifyComplexityOfPassword(TC_RF_016.java:41)
	at java.base/java.util.ArrayList.forEach(ArrayList.java:1596)
... Removed 27 stack frames</pre></div><a href='#' onClick='toggleBox("stack-trace2084486251", this, "Click to show all stack frames", "Click to hide stack frames")'>Click to show all stack frames</a>
<div class='stack-trace' id='stack-trace2084486251'><pre>java.lang.AssertionError: The following asserts failed:
	Not Matched the string expected [Password is not as per the requirements, it should be 8 characterlong and combination of digits, spacial character and alphabets] but found [Your Account Has Been Created!]
	at org.testng.asserts.SoftAssert.assertAll(SoftAssert.java:46)
	at org.testng.asserts.SoftAssert.assertAll(SoftAssert.java:30)
	at tutorialsninja.register.TC_RF_016.verifyComplexityOfPassword(TC_RF_016.java:41)
	at java.base/jdk.internal.reflect.DirectMethodHandleAccessor.invoke(DirectMethodHandleAccessor.java:103)
	at java.base/java.lang.reflect.Method.invoke(Method.java:580)
	at org.testng.internal.invokers.MethodInvocationHelper.invokeMethod(MethodInvocationHelper.java:141)
	at org.testng.internal.invokers.TestInvoker.invokeMethod(TestInvoker.java:687)
	at org.testng.internal.invokers.TestInvoker.invokeTestMethod(TestInvoker.java:230)
	at org.testng.internal.invokers.MethodRunner.runInSequence(MethodRunner.java:63)
	at org.testng.internal.invokers.TestInvoker$MethodInvocationAgent.invoke(TestInvoker.java:995)
	at org.testng.internal.invokers.TestInvoker.invokeTestMethods(TestInvoker.java:203)
	at org.testng.internal.invokers.TestMethodWorker.invokeTestMethods(TestMethodWorker.java:154)
	at org.testng.internal.invokers.TestMethodWorker.run(TestMethodWorker.java:134)
	at java.base/java.util.ArrayList.forEach(ArrayList.java:1596)
	at org.testng.TestRunner.privateRun(TestRunner.java:741)
	at org.testng.TestRunner.run(TestRunner.java:616)
	at org.testng.SuiteRunner.runTest(SuiteRunner.java:421)
	at org.testng.SuiteRunner.runSequentially(SuiteRunner.java:413)
	at org.testng.SuiteRunner.privateRun(SuiteRunner.java:373)
	at org.testng.SuiteRunner.run(SuiteRunner.java:312)
	at org.testng.SuiteRunnerWorker.runSuite(SuiteRunnerWorker.java:52)
	at org.testng.SuiteRunnerWorker.run(SuiteRunnerWorker.java:95)
	at org.testng.TestNG.runSuitesSequentially(TestNG.java:1274)
	at org.testng.TestNG.runSuitesLocally(TestNG.java:1208)
	at org.testng.TestNG.runSuites(TestNG.java:1112)
	at org.testng.TestNG.run(TestNG.java:1079)
	at org.testng.remote.AbstractRemoteTestNG.run(AbstractRemoteTestNG.java:115)
	at org.testng.remote.RemoteTestNG.initAndRun(RemoteTestNG.java:293)
	at org.testng.remote.RemoteTestNG.main(RemoteTestNG.java:91)
</pre></div></td>
<td>3</td>
<td>tutorialsninja.register.TC_RF_016@6150c3ec</td></tr>
<tr>
<td title='tutorialsninja.register.TC_RF_016.verifyComplexityOfPassword()'><b>verifyComplexityOfPassword</b><br>Test class: tutorialsninja.register.TC_RF_016<br>Parameters: 12ABCD12</td>
<td><div><pre>java.lang.AssertionError: The following asserts failed:
	Not Matched the string expected [Password is not as per the requirements, it should be 8 characterlong and combination of digits, spacial character and alphabets] but found [Your Account Has Been Created!]
	at tutorialsninja.register.TC_RF_016.verifyComplexityOfPassword(TC_RF_016.java:41)
	at java.base/java.util.ArrayList.forEach(ArrayList.java:1596)
... Removed 27 stack frames</pre></div><a href='#' onClick='toggleBox("stack-trace1833973673", this, "Click to show all stack frames", "Click to hide stack frames")'>Click to show all stack frames</a>
<div class='stack-trace' id='stack-trace1833973673'><pre>java.lang.AssertionError: The following asserts failed:
	Not Matched the string expected [Password is not as per the requirements, it should be 8 characterlong and combination of digits, spacial character and alphabets] but found [Your Account Has Been Created!]
	at org.testng.asserts.SoftAssert.assertAll(SoftAssert.java:46)
	at org.testng.asserts.SoftAssert.assertAll(SoftAssert.java:30)
	at tutorialsninja.register.TC_RF_016.verifyComplexityOfPassword(TC_RF_016.java:41)
	at java.base/jdk.internal.reflect.DirectMethodHandleAccessor.invoke(DirectMethodHandleAccessor.java:103)
	at java.base/java.lang.reflect.Method.invoke(Method.java:580)
	at org.testng.internal.invokers.MethodInvocationHelper.invokeMethod(MethodInvocationHelper.java:141)
	at org.testng.internal.invokers.TestInvoker.invokeMethod(TestInvoker.java:687)
	at org.testng.internal.invokers.TestInvoker.invokeTestMethod(TestInvoker.java:230)
	at org.testng.internal.invokers.MethodRunner.runInSequence(MethodRunner.java:63)
	at org.testng.internal.invokers.TestInvoker$MethodInvocationAgent.invoke(TestInvoker.java:995)
	at org.testng.internal.invokers.TestInvoker.invokeTestMethods(TestInvoker.java:203)
	at org.testng.internal.invokers.TestMethodWorker.invokeTestMethods(TestMethodWorker.java:154)
	at org.testng.internal.invokers.TestMethodWorker.run(TestMethodWorker.java:134)
	at java.base/java.util.ArrayList.forEach(ArrayList.java:1596)
	at org.testng.TestRunner.privateRun(TestRunner.java:741)
	at org.testng.TestRunner.run(TestRunner.java:616)
	at org.testng.SuiteRunner.runTest(SuiteRunner.java:421)
	at org.testng.SuiteRunner.runSequentially(SuiteRunner.java:413)
	at org.testng.SuiteRunner.privateRun(SuiteRunner.java:373)
	at org.testng.SuiteRunner.run(SuiteRunner.java:312)
	at org.testng.SuiteRunnerWorker.runSuite(SuiteRunnerWorker.java:52)
	at org.testng.SuiteRunnerWorker.run(SuiteRunnerWorker.java:95)
	at org.testng.TestNG.runSuitesSequentially(TestNG.java:1274)
	at org.testng.TestNG.runSuitesLocally(TestNG.java:1208)
	at org.testng.TestNG.runSuites(TestNG.java:1112)
	at org.testng.TestNG.run(TestNG.java:1079)
	at org.testng.remote.AbstractRemoteTestNG.run(AbstractRemoteTestNG.java:115)
	at org.testng.remote.RemoteTestNG.initAndRun(RemoteTestNG.java:293)
	at org.testng.remote.RemoteTestNG.main(RemoteTestNG.java:91)
</pre></div></td>
<td>3</td>
<td>tutorialsninja.register.TC_RF_016@6150c3ec</td></tr>
<tr>
<td title='tutorialsninja.register.TC_RF_016.verifyComplexityOfPassword()'><b>verifyComplexityOfPassword</b><br>Test class: tutorialsninja.register.TC_RF_016<br>Parameters: Abcd1234</td>
<td><div><pre>java.lang.AssertionError: The following asserts failed:
	Not Matched the string expected [Password is not as per the requirements, it should be 8 characterlong and combination of digits, spacial character and alphabets] but found [Your Account Has Been Created!]
	at tutorialsninja.register.TC_RF_016.verifyComplexityOfPassword(TC_RF_016.java:41)
	at java.base/java.util.ArrayList.forEach(ArrayList.java:1596)
... Removed 27 stack frames</pre></div><a href='#' onClick='toggleBox("stack-trace1287455719", this, "Click to show all stack frames", "Click to hide stack frames")'>Click to show all stack frames</a>
<div class='stack-trace' id='stack-trace1287455719'><pre>java.lang.AssertionError: The following asserts failed:
	Not Matched the string expected [Password is not as per the requirements, it should be 8 characterlong and combination of digits, spacial character and alphabets] but found [Your Account Has Been Created!]
	at org.testng.asserts.SoftAssert.assertAll(SoftAssert.java:46)
	at org.testng.asserts.SoftAssert.assertAll(SoftAssert.java:30)
	at tutorialsninja.register.TC_RF_016.verifyComplexityOfPassword(TC_RF_016.java:41)
	at java.base/jdk.internal.reflect.DirectMethodHandleAccessor.invoke(DirectMethodHandleAccessor.java:103)
	at java.base/java.lang.reflect.Method.invoke(Method.java:580)
	at org.testng.internal.invokers.MethodInvocationHelper.invokeMethod(MethodInvocationHelper.java:141)
	at org.testng.internal.invokers.TestInvoker.invokeMethod(TestInvoker.java:687)
	at org.testng.internal.invokers.TestInvoker.invokeTestMethod(TestInvoker.java:230)
	at org.testng.internal.invokers.MethodRunner.runInSequence(MethodRunner.java:63)
	at org.testng.internal.invokers.TestInvoker$MethodInvocationAgent.invoke(TestInvoker.java:995)
	at org.testng.internal.invokers.TestInvoker.invokeTestMethods(TestInvoker.java:203)
	at org.testng.internal.invokers.TestMethodWorker.invokeTestMethods(TestMethodWorker.java:154)
	at org.testng.internal.invokers.TestMethodWorker.run(TestMethodWorker.java:134)
	at java.base/java.util.ArrayList.forEach(ArrayList.java:1596)
	at org.testng.TestRunner.privateRun(TestRunner.java:741)
	at org.testng.TestRunner.run(TestRunner.java:616)
	at org.testng.SuiteRunner.runTest(SuiteRunner.java:421)
	at org.testng.SuiteRunner.runSequentially(SuiteRunner.java:413)
	at org.testng.SuiteRunner.privateRun(SuiteRunner.java:373)
	at org.testng.SuiteRunner.run(SuiteRunner.java:312)
	at org.testng.SuiteRunnerWorker.runSuite(SuiteRunnerWorker.java:52)
	at org.testng.SuiteRunnerWorker.run(SuiteRunnerWorker.java:95)
	at org.testng.TestNG.runSuitesSequentially(TestNG.java:1274)
	at org.testng.TestNG.runSuitesLocally(TestNG.java:1208)
	at org.testng.TestNG.runSuites(TestNG.java:1112)
	at org.testng.TestNG.run(TestNG.java:1079)
	at org.testng.remote.AbstractRemoteTestNG.run(AbstractRemoteTestNG.java:115)
	at org.testng.remote.RemoteTestNG.initAndRun(RemoteTestNG.java:293)
	at org.testng.remote.RemoteTestNG.main(RemoteTestNG.java:91)
</pre></div></td>
<td>3</td>
<td>tutorialsninja.register.TC_RF_016@6150c3ec</td></tr>
<tr>
<td title='tutorialsninja.register.TC_RF_016.verifyComplexityOfPassword()'><b>verifyComplexityOfPassword</b><br>Test class: tutorialsninja.register.TC_RF_016<br>Parameters: _A345612</td>
<td><div><pre>java.lang.AssertionError: The following asserts failed:
	Not Matched the string expected [Password is not as per the requirements, it should be 8 characterlong and combination of digits, spacial character and alphabets] but found [Your Account Has Been Created!]
	at tutorialsninja.register.TC_RF_016.verifyComplexityOfPassword(TC_RF_016.java:41)
	at java.base/java.util.ArrayList.forEach(ArrayList.java:1596)
... Removed 27 stack frames</pre></div><a href='#' onClick='toggleBox("stack-trace1671084561", this, "Click to show all stack frames", "Click to hide stack frames")'>Click to show all stack frames</a>
<div class='stack-trace' id='stack-trace1671084561'><pre>java.lang.AssertionError: The following asserts failed:
	Not Matched the string expected [Password is not as per the requirements, it should be 8 characterlong and combination of digits, spacial character and alphabets] but found [Your Account Has Been Created!]
	at org.testng.asserts.SoftAssert.assertAll(SoftAssert.java:46)
	at org.testng.asserts.SoftAssert.assertAll(SoftAssert.java:30)
	at tutorialsninja.register.TC_RF_016.verifyComplexityOfPassword(TC_RF_016.java:41)
	at java.base/jdk.internal.reflect.DirectMethodHandleAccessor.invoke(DirectMethodHandleAccessor.java:103)
	at java.base/java.lang.reflect.Method.invoke(Method.java:580)
	at org.testng.internal.invokers.MethodInvocationHelper.invokeMethod(MethodInvocationHelper.java:141)
	at org.testng.internal.invokers.TestInvoker.invokeMethod(TestInvoker.java:687)
	at org.testng.internal.invokers.TestInvoker.invokeTestMethod(TestInvoker.java:230)
	at org.testng.internal.invokers.MethodRunner.runInSequence(MethodRunner.java:63)
	at org.testng.internal.invokers.TestInvoker$MethodInvocationAgent.invoke(TestInvoker.java:995)
	at org.testng.internal.invokers.TestInvoker.invokeTestMethods(TestInvoker.java:203)
	at org.testng.internal.invokers.TestMethodWorker.invokeTestMethods(TestMethodWorker.java:154)
	at org.testng.internal.invokers.TestMethodWorker.run(TestMethodWorker.java:134)
	at java.base/java.util.ArrayList.forEach(ArrayList.java:1596)
	at org.testng.TestRunner.privateRun(TestRunner.java:741)
	at org.testng.TestRunner.run(TestRunner.java:616)
	at org.testng.SuiteRunner.runTest(SuiteRunner.java:421)
	at org.testng.SuiteRunner.runSequentially(SuiteRunner.java:413)
	at org.testng.SuiteRunner.privateRun(SuiteRunner.java:373)
	at org.testng.SuiteRunner.run(SuiteRunner.java:312)
	at org.testng.SuiteRunnerWorker.runSuite(SuiteRunnerWorker.java:52)
	at org.testng.SuiteRunnerWorker.run(SuiteRunnerWorker.java:95)
	at org.testng.TestNG.runSuitesSequentially(TestNG.java:1274)
	at org.testng.TestNG.runSuitesLocally(TestNG.java:1208)
	at org.testng.TestNG.runSuites(TestNG.java:1112)
	at org.testng.TestNG.run(TestNG.java:1079)
	at org.testng.remote.AbstractRemoteTestNG.run(AbstractRemoteTestNG.java:115)
	at org.testng.remote.RemoteTestNG.initAndRun(RemoteTestNG.java:293)
	at org.testng.remote.RemoteTestNG.main(RemoteTestNG.java:91)
</pre></div></td>
<td>3</td>
<td>tutorialsninja.register.TC_RF_016@6150c3ec</td></tr>
</table><p>
<table width='100%' border='1' class='invocation-passed'>
<tr><td colspan='4' align='center'><b>PASSED TESTS</b></td></tr>
<tr><td><b>Test method</b></td>
<td><b>Attribute(s)</b></td>
<td width="30%"><b>Exception</b></td>
<td width="10%"><b>Time (seconds)</b></td>
<td><b>Instance</b></td>
</tr>
<tr>
<td title='tutorialsninja.register.TC_RF_010.validateRegisterAccountByProvidingInvalidEmail()'><b>validateRegisterAccountByProvidingInvalidEmail</b><br>Test class: tutorialsninja.register.TC_RF_010</td>
<td></td>
<td>23</td>
<td>tutorialsninja.register.TC_RF_010@1ff4931d</td></tr>
<tr>
<td title='tutorialsninja.register.TC_RF_005.registerAccountWithAllFieldsAndYesOptionSelectionAndNewsletterSubscriptionYesValidation()'><b>registerAccountWithAllFieldsAndYesOptionSelectionAndNewsletterSubscriptionYesValidation</b><br>Test class: tutorialsninja.register.TC_RF_005</td>
<td></td>
<td>5</td>
<td>tutorialsninja.register.TC_RF_005@2aceadd4</td></tr>
<tr>
<td title='tutorialsninja.register.TC_RF_015.verifySpaceIsNotAllowedInRegisterAccountPafeFields()'><b>verifySpaceIsNotAllowedInRegisterAccountPafeFields</b><br>Test class: tutorialsninja.register.TC_RF_015</td>
<td></td>
<td>3</td>
<td>tutorialsninja.register.TC_RF_015@24aed80c</td></tr>
<tr>
<td title='tutorialsninja.register.TC_RF_007.validateDifferentWaysOfNavigatingToRegisterPage()'><b>validateDifferentWaysOfNavigatingToRegisterPage</b><br>Test class: tutorialsninja.register.TC_RF_007</td>
<td></td>
<td>7</td>
<td>tutorialsninja.register.TC_RF_007@22ff4249</td></tr>
<tr>
<td title='tutorialsninja.register.TC_RF_003.verifyRegisteringAccountWithMandatoryFieldsAndSoftAssert()'><b>verifyRegisteringAccountWithMandatoryFieldsAndSoftAssert</b><br>Test class: tutorialsninja.register.TC_RF_003</td>
<td></td>
<td>10</td>
<td>tutorialsninja.register.TC_RF_003@752325ad</td></tr>
<tr>
<td title='tutorialsninja.register.TC_RF_014.verifyAshtricMandatoryOnRegisterAccountFields()'><b>verifyAshtricMandatoryOnRegisterAccountFields</b><br>Test class: tutorialsninja.register.TC_RF_014</td>
<td></td>
<td>3</td>
<td>tutorialsninja.register.TC_RF_014@2a5c8d3f</td></tr>
<tr>
<td title='tutorialsninja.register.TC_RF_004_1.validationOfAllMandatoryfieldsWarningMessagesWithAgreedStatement()'><b>validationOfAllMandatoryfieldsWarningMessagesWithAgreedStatement</b><br>Test class: tutorialsninja.register.TC_RF_004_1</td>
<td></td>
<td>4</td>
<td>tutorialsninja.register.TC_RF_004_1@279fedbd</td></tr>
<tr>
<td title='tutorialsninja.register.TC_RF_002.amazonInGetPasscodefromGmail()'><b>amazonInGetPasscodefromGmail</b><br>Test class: tutorialsninja.register.TC_RF_002</td>
<td></td>
<td>56</td>
<td>tutorialsninja.register.TC_RF_002@45c7e403</td></tr>
<tr>
<td title='tutorialsninja.register.TC_RF_001.verifyRegisteringAccountWithMandatoryFields()'><b>verifyRegisteringAccountWithMandatoryFields</b><br>Test class: tutorialsninja.register.TC_RF_001</td>
<td></td>
<td>5</td>
<td>tutorialsninja.register.TC_RF_001@2925bf5b</td></tr>
<tr>
<td title='tutorialsninja.register.TC_RF_013.verifyPlaceholderValuesOnRegisterAccountPage()'><b>verifyPlaceholderValuesOnRegisterAccountPage</b><br>Test class: tutorialsninja.register.TC_RF_013</td>
<td></td>
<td>2</td>
<td>tutorialsninja.register.TC_RF_013@b3ca52e</td></tr>
<tr>
<td title='tutorialsninja.register.TC_RF_012.registerAccountUsingKeyboardKeys()'><b>registerAccountUsingKeyboardKeys</b><br>Test class: tutorialsninja.register.TC_RF_012</td>
<td></td>
<td>5</td>
<td>tutorialsninja.register.TC_RF_012@710f4dc7</td></tr>
<tr>
<td title='tutorialsninja.register.TC_RF_006.registerAccountWithAllFieldsAndYesOptionSelectionAndNewsletterSubscriptionNovalidation()'><b>registerAccountWithAllFieldsAndYesOptionSelectionAndNewsletterSubscriptionNovalidation</b><br>Test class: tutorialsninja.register.TC_RF_006</td>
<td></td>
<td>7</td>
<td>tutorialsninja.register.TC_RF_006@3b69e7d1</td></tr>
<tr>
<td title='tutorialsninja.register.TC_RF_004.validationOfAllMandatoryfieldsWarningMessages()'><b>validationOfAllMandatoryfieldsWarningMessages</b><br>Test class: tutorialsninja.register.TC_RF_004</td>
<td></td>
<td>3</td>
<td>tutorialsninja.register.TC_RF_004@3a52dba3</td></tr>
</table><p>
</body>
</html>